<?xml version="1.0" encoding="UTF-8"?>
<testng-results ignored="0" total="1" passed="1" failed="0" skipped="0">
  <reporter-output>
  </reporter-output>
  <suite started-at="2026-02-17T15:20:08 GMT" name="Surefire suite" finished-at="2026-02-17T15:20:08 GMT" duration-ms="61">
    <groups>
    </groups>
    <test started-at="2026-02-17T15:20:08 GMT" name="Surefire test" finished-at="2026-02-17T15:20:08 GMT" duration-ms="61">
      <class name="io.github.photondev.authsdk.DemoApplicationTests">
        <test-method signature="contextLoads()[pri:0, instance:io.github.photondev.authsdk.DemoApplicationTests@15eb5ee5]" started-at="2026-02-17T15:20:08 GMT" name="contextLoads" finished-at="2026-02-17T15:20:08 GMT" duration-ms="8" status="PASS">
          <reporter-output>
          </reporter-output>
        </test-method> <!-- contextLoads -->
      </class> <!-- io.github.photondev.authsdk.DemoApplicationTests -->
    </test> <!-- Surefire test -->
  </suite> <!-- Surefire suite -->
</testng-results>
